This file contains any messages produced by compilers while
running configure, to aid debugging if configure makes a mistake.

It was created by configure, which was
generated by GNU Autoconf 2.63.  Invocation command line was

  $ ./configure --enable-maintainer-mode --enable-debug

## --------- ##
## Platform. ##
## --------- ##

hostname = sandaru1-laptop
uname -m = x86_64
uname -r = 2.6.28-11-generic
uname -s = Linux
uname -v = #42-Ubuntu SMP Fri Apr 17 01:58:03 UTC 2009

/usr/bin/uname -p = unknown
/bin/uname -X     = unknown

/bin/arch              = unknown
/usr/bin/arch -k       = unknown
/usr/convex/getsysinfo = unknown
/usr/bin/hostinfo      = unknown
/bin/machine           = unknown
/usr/bin/oslevel       = unknown
/bin/universe          = unknown

PATH: /usr/local/sbin
PATH: /usr/local/bin
PATH: /usr/sbin
PATH: /usr/bin
PATH: /sbin
PATH: /bin
PATH: /usr/games


## ----------- ##
## Core tests. ##
## ----------- ##

configure:2082: configuring gst-opencv for development with nano 1
configure:2129: checking whether to enable maintainer-specific portions of Makefiles
configure:2138: result: yes
configure:2199: checking for a BSD-compatible install
configure:2267: result: /usr/bin/install -c
configure:2278: checking whether build environment is sane
configure:2321: result: yes
configure:2346: checking for a thread-safe mkdir -p
configure:2385: result: /bin/mkdir -p
configure:2398: checking for gawk
configure:2428: result: no
configure:2398: checking for mawk
configure:2414: found /usr/bin/mawk
configure:2425: result: mawk
configure:2436: checking whether make sets $(MAKE)
configure:2458: result: yes
configure:2697: checking for gcc
configure:2713: found /usr/bin/gcc
configure:2724: result: gcc
configure:2956: checking for C compiler version
configure:2964: gcc --version >&5
gcc (Ubuntu 4.3.3-5ubuntu4) 4.3.3
Copyright (C) 2008 Free Software Foundation, Inc.
This is free software; see the source for copying conditions.  There is NO
warranty; not even for MERCHANTABILITY or FITNESS FOR A PARTICULAR PURPOSE.

configure:2968: $? = 0
configure:2975: gcc -v >&5
Using built-in specs.
Target: x86_64-linux-gnu
Configured with: ../src/configure -v --with-pkgversion='Ubuntu 4.3.3-5ubuntu4' --with-bugurl=file:///usr/share/doc/gcc-4.3/README.Bugs --enable-languages=c,c++,fortran,objc,obj-c++ --prefix=/usr --enable-shared --with-system-zlib --libexecdir=/usr/lib --without-included-gettext --enable-threads=posix --enable-nls --with-gxx-include-dir=/usr/include/c++/4.3 --program-suffix=-4.3 --enable-clocale=gnu --enable-libstdcxx-debug --enable-objc-gc --enable-mpfr --with-tune=generic --enable-checking=release --build=x86_64-linux-gnu --host=x86_64-linux-gnu --target=x86_64-linux-gnu
Thread model: posix
gcc version 4.3.3 (Ubuntu 4.3.3-5ubuntu4) 
configure:2979: $? = 0
configure:2986: gcc -V >&5
gcc: '-V' option must have argument
configure:2990: $? = 1
configure:3013: checking for C compiler default output file name
configure:3035: gcc    conftest.c  >&5
configure:3039: $? = 0
configure:3077: result: a.out
configure:3096: checking whether the C compiler works
configure:3106: ./a.out
configure:3110: $? = 0
configure:3129: result: yes
configure:3136: checking whether we are cross compiling
configure:3138: result: no
configure:3141: checking for suffix of executables
configure:3148: gcc -o conftest    conftest.c  >&5
configure:3152: $? = 0
configure:3178: result: 
configure:3184: checking for suffix of object files
configure:3210: gcc -c   conftest.c >&5
configure:3214: $? = 0
configure:3239: result: o
configure:3243: checking whether we are using the GNU C compiler
configure:3272: gcc -c   conftest.c >&5
configure:3279: $? = 0
configure:3296: result: yes
configure:3305: checking whether gcc accepts -g
configure:3335: gcc -c -g  conftest.c >&5
configure:3342: $? = 0
configure:3443: result: yes
configure:3460: checking for gcc option to accept ISO C89
configure:3534: gcc  -c -g -O2  conftest.c >&5
configure:3541: $? = 0
configure:3564: result: none needed
configure:3593: checking for style of include used by make
configure:3621: result: GNU
configure:3646: checking dependency style of gcc
configure:3737: result: gcc3
configure:3783: checking build system type
configure:3801: result: x86_64-unknown-linux-gnu
configure:3823: checking host system type
configure:3838: result: x86_64-unknown-linux-gnu
configure:3860: checking for a sed that does not truncate output
configure:3926: result: /bin/sed
configure:3944: checking for grep that handles long lines and -e
configure:4004: result: /bin/grep
configure:4009: checking for egrep
configure:4073: result: /bin/grep -E
configure:4078: checking for fgrep
configure:4142: result: /bin/grep -F
configure:4177: checking for ld used by gcc
configure:4244: result: /usr/bin/ld
configure:4253: checking if the linker (/usr/bin/ld) is GNU ld
configure:4268: result: yes
configure:4280: checking for BSD- or MS-compatible name lister (nm)
configure:4329: result: /usr/bin/nm -B
configure:4447: checking the name lister (/usr/bin/nm -B) interface
configure:4454: gcc -c -g -O2  conftest.c >&5
configure:4457: /usr/bin/nm -B "conftest.o"
configure:4460: output
0000000000000000 B some_variable
configure:4467: result: BSD nm
configure:4470: checking whether ln -s works
configure:4474: result: yes
configure:4482: checking the maximum length of command line arguments
configure:4602: result: 1572864
configure:4619: checking whether the shell understands some XSI constructs
configure:4629: result: yes
configure:4633: checking whether the shell understands "+="
configure:4639: result: yes
configure:4674: checking for /usr/bin/ld option to reload object files
configure:4681: result: -r
configure:4750: checking for objdump
configure:4766: found /usr/bin/objdump
configure:4777: result: objdump
configure:4809: checking how to recognize dependent libraries
configure:5005: result: pass_all
configure:5065: checking for ar
configure:5081: found /usr/bin/ar
configure:5092: result: ar
configure:5170: checking for strip
configure:5186: found /usr/bin/strip
configure:5197: result: strip
configure:5269: checking for ranlib
configure:5285: found /usr/bin/ranlib
configure:5296: result: ranlib
configure:5386: checking command to parse /usr/bin/nm -B output from gcc object
configure:5504: gcc -c -g -O2  conftest.c >&5
configure:5507: $? = 0
configure:5511: /usr/bin/nm -B conftest.o \| sed -n -e 's/^.*[	 ]\([ABCDGIRSTW][ABCDGIRSTW]*\)[	 ][	 ]*\([_A-Za-z][_A-Za-z0-9]*\)$/\1 \2 \2/p' \> conftest.nm
configure:5514: $? = 0
configure:5568: gcc -o conftest -g -O2   conftest.c conftstm.o >&5
configure:5571: $? = 0
configure:5609: result: ok
configure:5705: gcc -c -g -O2  conftest.c >&5
configure:5708: $? = 0
configure:6476: checking how to run the C preprocessor
configure:6516: gcc -E  conftest.c
configure:6523: $? = 0
configure:6554: gcc -E  conftest.c
conftest.c:15:28: error: ac_nonexistent.h: No such file or directory
configure:6561: $? = 1
configure: failed program was:
| /* confdefs.h.  */
| #define PACKAGE_NAME ""
| #define PACKAGE_TARNAME ""
| #define PACKAGE_VERSION ""
| #define PACKAGE_STRING ""
| #define PACKAGE_BUGREPORT ""
| #define GST_PLUGIN_VERSION "0.10.0.1"
| #define GST_PLUGIN_VERSION_RELEASE "0.20090611.020927"
| #define PACKAGE "gst-opencv"
| #define VERSION "0.10.0.1"
| #define OPENCV_FACE_HAARCASCADE "/usr/local/share/opencv/haarcascades/haarcascade_frontalface_alt.xml"
| #define PACKAGE "gst-opencv"
| #define VERSION "0.10.0.1"
| /* end confdefs.h.  */
| #include <ac_nonexistent.h>
configure:6594: result: gcc -E
configure:6623: gcc -E  conftest.c
configure:6630: $? = 0
configure:6661: gcc -E  conftest.c
conftest.c:15:28: error: ac_nonexistent.h: No such file or directory
configure:6668: $? = 1
configure: failed program was:
| /* confdefs.h.  */
| #define PACKAGE_NAME ""
| #define PACKAGE_TARNAME ""
| #define PACKAGE_VERSION ""
| #define PACKAGE_STRING ""
| #define PACKAGE_BUGREPORT ""
| #define GST_PLUGIN_VERSION "0.10.0.1"
| #define GST_PLUGIN_VERSION_RELEASE "0.20090611.020927"
| #define PACKAGE "gst-opencv"
| #define VERSION "0.10.0.1"
| #define OPENCV_FACE_HAARCASCADE "/usr/local/share/opencv/haarcascades/haarcascade_frontalface_alt.xml"
| #define PACKAGE "gst-opencv"
| #define VERSION "0.10.0.1"
| /* end confdefs.h.  */
| #include <ac_nonexistent.h>
configure:6708: checking for ANSI C header files
configure:6738: gcc -c -g -O2  conftest.c >&5
configure:6745: $? = 0
configure:6844: gcc -o conftest -g -O2   conftest.c  >&5
configure:6848: $? = 0
configure:6854: ./conftest
configure:6858: $? = 0
configure:6876: result: yes
configure:6900: checking for sys/types.h
configure:6921: gcc -c -g -O2  conftest.c >&5
configure:6928: $? = 0
configure:6945: result: yes
configure:6900: checking for sys/stat.h
configure:6921: gcc -c -g -O2  conftest.c >&5
configure:6928: $? = 0
configure:6945: result: yes
configure:6900: checking for stdlib.h
configure:6921: gcc -c -g -O2  conftest.c >&5
configure:6928: $? = 0
configure:6945: result: yes
configure:6900: checking for string.h
configure:6921: gcc -c -g -O2  conftest.c >&5
configure:6928: $? = 0
configure:6945: result: yes
configure:6900: checking for memory.h
configure:6921: gcc -c -g -O2  conftest.c >&5
configure:6928: $? = 0
configure:6945: result: yes
configure:6900: checking for strings.h
configure:6921: gcc -c -g -O2  conftest.c >&5
configure:6928: $? = 0
configure:6945: result: yes
configure:6900: checking for inttypes.h
configure:6921: gcc -c -g -O2  conftest.c >&5
configure:6928: $? = 0
configure:6945: result: yes
configure:6900: checking for stdint.h
configure:6921: gcc -c -g -O2  conftest.c >&5
configure:6928: $? = 0
configure:6945: result: yes
configure:6900: checking for unistd.h
configure:6921: gcc -c -g -O2  conftest.c >&5
configure:6928: $? = 0
configure:6945: result: yes
configure:6963: checking for dlfcn.h
configure:6984: gcc -c -g -O2  conftest.c >&5
configure:6991: $? = 0
configure:7008: result: yes
configure:7194: checking for objdir
configure:7209: result: .libs
configure:7501: checking if gcc supports -fno-rtti -fno-exceptions
configure:7519: gcc -c -g -O2  -fno-rtti -fno-exceptions conftest.c >&5
cc1: warning: command line option "-fno-rtti" is valid for C++/ObjC++ but not for C
configure:7523: $? = 0
configure:7536: result: no
configure:7556: checking for gcc option to produce PIC
configure:7828: result: -fPIC -DPIC
configure:7840: checking if gcc PIC flag -fPIC -DPIC works
configure:7858: gcc -c -g -O2  -fPIC -DPIC -DPIC conftest.c >&5
configure:7862: $? = 0
configure:7875: result: yes
configure:7899: checking if gcc static flag -static works
configure:7927: result: yes
configure:7942: checking if gcc supports -c -o file.o
configure:7963: gcc -c -g -O2  -o out/conftest2.o conftest.c >&5
configure:7967: $? = 0
configure:7989: result: yes
configure:7997: checking if gcc supports -c -o file.o
configure:8044: result: yes
configure:8077: checking whether the gcc linker (/usr/bin/ld -m elf_x86_64) supports shared libraries
configure:9152: result: yes
configure:9189: checking whether -lc should be explicitly linked in
configure:9194: gcc -c -g -O2  conftest.c >&5
configure:9197: $? = 0
configure:9212: gcc -shared conftest.o  -v -Wl,-soname -Wl,conftest -o conftest 2\>\&1 \| /bin/grep  -lc  \>/dev/null 2\>\&1
configure:9215: $? = 0
configure:9227: result: no
configure:9391: checking dynamic linker characteristics
configure:9834: gcc -o conftest -g -O2   -Wl,-rpath -Wl,/foo conftest.c  >&5
configure:9841: $? = 0
configure:10086: result: GNU/Linux ld.so
configure:10188: checking how to hardcode library paths into programs
configure:10213: result: immediate
configure:11046: checking whether stripping libraries is possible
configure:11051: result: yes
configure:11086: checking if libtool supports shared libraries
configure:11088: result: yes
configure:11091: checking whether to build shared libraries
configure:11112: result: yes
configure:11115: checking whether to build static libraries
configure:11119: result: yes
configure:11157: checking to see if compiler understands -Wall
configure:11184: gcc -c -g -O2 -Wall  conftest.c >&5
configure:11191: $? = 0
configure:11214: result: yes
configure:11224: checking for pkg-config
configure:11240: found /usr/bin/pkg-config
configure:11252: result: yes
configure:11318: checking for pkg-config
configure:11336: found /usr/bin/pkg-config
configure:11348: result: /usr/bin/pkg-config
configure:11373: checking pkg-config is at least version 0.9.0
configure:11376: result: yes
configure:11387: checking for GST
configure:11396: $PKG_CONFIG --exists --print-errors "\
  gstreamer-$GST_MAJORMINOR >= $GST_REQUIRED"
configure:11400: $? = 0
configure:11417: $PKG_CONFIG --exists --print-errors "\
  gstreamer-$GST_MAJORMINOR >= $GST_REQUIRED"
configure:11421: $? = 0
configure:11460: result: yes
configure:11480: checking for GST_BASE
configure:11488: $PKG_CONFIG --exists --print-errors "gstreamer-base-$GST_MAJORMINOR >= $GST_REQUIRED"
configure:11491: $? = 0
configure:11506: $PKG_CONFIG --exists --print-errors "gstreamer-base-$GST_MAJORMINOR >= $GST_REQUIRED"
configure:11509: $? = 0
configure:11545: result: yes
configure:11560: checking for GSTPB_BASE
configure:11568: $PKG_CONFIG --exists --print-errors "gstreamer-plugins-base-$GST_MAJORMINOR >= $GSTPB_REQUIRED"
configure:11571: $? = 0
configure:11586: $PKG_CONFIG --exists --print-errors "gstreamer-plugins-base-$GST_MAJORMINOR >= $GSTPB_REQUIRED"
configure:11589: $? = 0
configure:11625: result: yes
configure:11640: checking for GSTCTRL
configure:11648: $PKG_CONFIG --exists --print-errors "gstreamer-controller-$GST_MAJORMINOR >= $GSTPB_REQUIRED"
configure:11651: $? = 0
configure:11666: $PKG_CONFIG --exists --print-errors "gstreamer-controller-$GST_MAJORMINOR >= $GSTPB_REQUIRED"
configure:11669: $? = 0
configure:11705: result: yes
configure:11720: checking for OPENCV
configure:11728: $PKG_CONFIG --exists --print-errors "opencv >= 1.1.0"
configure:11731: $? = 0
configure:11746: $PKG_CONFIG --exists --print-errors "opencv >= 1.1.0"
configure:11749: $? = 0
configure:11785: result: yes
configure:11935: creating ./config.status

## ---------------------- ##
## Running config.status. ##
## ---------------------- ##

This file was extended by config.status, which was
generated by GNU Autoconf 2.63.  Invocation command line was

  CONFIG_FILES    = 
  CONFIG_HEADERS  = 
  CONFIG_LINKS    = 
  CONFIG_COMMANDS = 
  $ ./config.status 

on sandaru1-laptop

config.status:1013: creating Makefile
config.status:1013: creating m4/Makefile
config.status:1013: creating src/Makefile
config.status:1013: creating config.h
config.status:1287: executing depfiles commands
config.status:1287: executing libtool commands
configure:14160: WARNING: unrecognized options: --enable-debug

## ---------------- ##
## Cache variables. ##
## ---------------- ##

ac_cv_build=x86_64-unknown-linux-gnu
ac_cv_c_compiler_gnu=yes
ac_cv_env_CC_set=
ac_cv_env_CC_value=
ac_cv_env_CFLAGS_set=
ac_cv_env_CFLAGS_value=
ac_cv_env_CPPFLAGS_set=
ac_cv_env_CPPFLAGS_value=
ac_cv_env_CPP_set=
ac_cv_env_CPP_value=
ac_cv_env_GSTCTRL_CFLAGS_set=
ac_cv_env_GSTCTRL_CFLAGS_value=
ac_cv_env_GSTCTRL_LIBS_set=
ac_cv_env_GSTCTRL_LIBS_value=
ac_cv_env_GSTPB_BASE_CFLAGS_set=
ac_cv_env_GSTPB_BASE_CFLAGS_value=
ac_cv_env_GSTPB_BASE_LIBS_set=
ac_cv_env_GSTPB_BASE_LIBS_value=
ac_cv_env_GST_BASE_CFLAGS_set=
ac_cv_env_GST_BASE_CFLAGS_value=
ac_cv_env_GST_BASE_LIBS_set=
ac_cv_env_GST_BASE_LIBS_value=
ac_cv_env_GST_CFLAGS_set=
ac_cv_env_GST_CFLAGS_value=
ac_cv_env_GST_LIBS_set=
ac_cv_env_GST_LIBS_value=
ac_cv_env_LDFLAGS_set=
ac_cv_env_LDFLAGS_value=
ac_cv_env_LIBS_set=
ac_cv_env_LIBS_value=
ac_cv_env_OPENCV_CFLAGS_set=
ac_cv_env_OPENCV_CFLAGS_value=
ac_cv_env_OPENCV_LIBS_set=
ac_cv_env_OPENCV_LIBS_value=
ac_cv_env_PKG_CONFIG_set=
ac_cv_env_PKG_CONFIG_value=
ac_cv_env_build_alias_set=
ac_cv_env_build_alias_value=
ac_cv_env_host_alias_set=
ac_cv_env_host_alias_value=
ac_cv_env_target_alias_set=
ac_cv_env_target_alias_value=
ac_cv_header_dlfcn_h=yes
ac_cv_header_inttypes_h=yes
ac_cv_header_memory_h=yes
ac_cv_header_stdc=yes
ac_cv_header_stdint_h=yes
ac_cv_header_stdlib_h=yes
ac_cv_header_string_h=yes
ac_cv_header_strings_h=yes
ac_cv_header_sys_stat_h=yes
ac_cv_header_sys_types_h=yes
ac_cv_header_unistd_h=yes
ac_cv_host=x86_64-unknown-linux-gnu
ac_cv_objext=o
ac_cv_path_EGREP='/bin/grep -E'
ac_cv_path_FGREP='/bin/grep -F'
ac_cv_path_GREP=/bin/grep
ac_cv_path_SED=/bin/sed
ac_cv_path_ac_pt_PKG_CONFIG=/usr/bin/pkg-config
ac_cv_path_install='/usr/bin/install -c'
ac_cv_path_mkdir=/bin/mkdir
ac_cv_prog_AWK=mawk
ac_cv_prog_CPP='gcc -E'
ac_cv_prog_HAVE_PKGCONFIG=yes
ac_cv_prog_ac_ct_AR=ar
ac_cv_prog_ac_ct_CC=gcc
ac_cv_prog_ac_ct_OBJDUMP=objdump
ac_cv_prog_ac_ct_RANLIB=ranlib
ac_cv_prog_ac_ct_STRIP=strip
ac_cv_prog_cc_c89=
ac_cv_prog_cc_g=yes
ac_cv_prog_make_make_set=yes
am_cv_CC_dependencies_compiler_type=gcc3
lt_cv_deplibs_check_method=pass_all
lt_cv_file_magic_cmd='$MAGIC_CMD'
lt_cv_file_magic_test_file=
lt_cv_ld_reload_flag=-r
lt_cv_nm_interface='BSD nm'
lt_cv_objdir=.libs
lt_cv_path_LD=/usr/bin/ld
lt_cv_path_NM='/usr/bin/nm -B'
lt_cv_prog_compiler_c_o=yes
lt_cv_prog_compiler_pic_works=yes
lt_cv_prog_compiler_rtti_exceptions=no
lt_cv_prog_compiler_static_works=yes
lt_cv_prog_gnu_ld=yes
lt_cv_sys_global_symbol_pipe='sed -n -e '\''s/^.*[	 ]\([ABCDGIRSTW][ABCDGIRSTW]*\)[	 ][	 ]*\([_A-Za-z][_A-Za-z0-9]*\)$/\1 \2 \2/p'\'''
lt_cv_sys_global_symbol_to_c_name_address='sed -n -e '\''s/^: \([^ ]*\) $/  {\"\1\", (void *) 0},/p'\'' -e '\''s/^[ABCDGIRSTW]* \([^ ]*\) \([^ ]*\)$/  {"\2", (void *) \&\2},/p'\'''
lt_cv_sys_global_symbol_to_c_name_address_lib_prefix='sed -n -e '\''s/^: \([^ ]*\) $/  {\"\1\", (void *) 0},/p'\'' -e '\''s/^[ABCDGIRSTW]* \([^ ]*\) \(lib[^ ]*\)$/  {"\2", (void *) \&\2},/p'\'' -e '\''s/^[ABCDGIRSTW]* \([^ ]*\) \([^ ]*\)$/  {"lib\2", (void *) \&\2},/p'\'''
lt_cv_sys_global_symbol_to_cdecl='sed -n -e '\''s/^T .* \(.*\)$/extern int \1();/p'\'' -e '\''s/^[ABCDGIRSTW]* .* \(.*\)$/extern char \1;/p'\'''
lt_cv_sys_max_cmd_len=1572864
pkg_cv_GSTCTRL_CFLAGS='-pthread -I/usr/include/gstreamer-0.10 -I/usr/include/glib-2.0 -I/usr/lib/glib-2.0/include -I/usr/include/libxml2  '
pkg_cv_GSTCTRL_LIBS='-pthread -lgstcontroller-0.10 -lgstreamer-0.10 -lgobject-2.0 -lgmodule-2.0 -lgthread-2.0 -lrt -lxml2 -lglib-2.0  '
pkg_cv_GSTPB_BASE_CFLAGS='-pthread -I/usr/include/gstreamer-0.10 -I/usr/include/glib-2.0 -I/usr/lib/glib-2.0/include -I/usr/include/libxml2  '
pkg_cv_GSTPB_BASE_LIBS='-pthread -lgstreamer-0.10 -lgobject-2.0 -lgmodule-2.0 -lgthread-2.0 -lrt -lxml2 -lglib-2.0  '
pkg_cv_GST_BASE_CFLAGS='-pthread -I/usr/include/gstreamer-0.10 -I/usr/include/glib-2.0 -I/usr/lib/glib-2.0/include -I/usr/include/libxml2  '
pkg_cv_GST_BASE_LIBS='-pthread -lgstbase-0.10 -lgstreamer-0.10 -lgobject-2.0 -lgmodule-2.0 -lgthread-2.0 -lrt -lxml2 -lglib-2.0  '
pkg_cv_GST_CFLAGS='-pthread -I/usr/include/gstreamer-0.10 -I/usr/include/glib-2.0 -I/usr/lib/glib-2.0/include -I/usr/include/libxml2  '
pkg_cv_GST_LIBS='-pthread -lgstreamer-0.10 -lgobject-2.0 -lgmodule-2.0 -lgthread-2.0 -lrt -lxml2 -lglib-2.0  '
pkg_cv_OPENCV_CFLAGS='-I/usr/local/include/opencv  '
pkg_cv_OPENCV_LIBS='-L/usr/local/lib -lcxcore -lcv -lhighgui -lcvaux -lml  '

## ----------------- ##
## Output variables. ##
## ----------------- ##

ACLOCAL='${SHELL} /home/sandaru1/Desktop/smartcut/gst-opencv/missing --run aclocal-1.10'
ACLOCAL_AMFLAGS='-I m4'
AMDEPBACKSLASH='\'
AMDEP_FALSE='#'
AMDEP_TRUE=''
AMTAR='${SHELL} /home/sandaru1/Desktop/smartcut/gst-opencv/missing --run tar'
AR='ar'
AUTOCONF='${SHELL} /home/sandaru1/Desktop/smartcut/gst-opencv/missing --run autoconf'
AUTOHEADER='${SHELL} /home/sandaru1/Desktop/smartcut/gst-opencv/missing --run autoheader'
AUTOMAKE='${SHELL} /home/sandaru1/Desktop/smartcut/gst-opencv/missing --run automake-1.10'
AWK='mawk'
CC='gcc'
CCDEPMODE='depmode=gcc3'
CFLAGS='-g -O2'
CPP='gcc -E'
CPPFLAGS=''
CYGPATH_W='echo'
DEFS='-DHAVE_CONFIG_H'
DEPDIR='.deps'
DSYMUTIL=''
DUMPBIN=''
ECHO_C=''
ECHO_N='-n'
ECHO_T=''
EGREP='/bin/grep -E'
EXEEXT=''
FGREP='/bin/grep -F'
GREP='/bin/grep'
GSTCTRL_CFLAGS='-pthread -I/usr/include/gstreamer-0.10 -I/usr/include/glib-2.0 -I/usr/lib/glib-2.0/include -I/usr/include/libxml2  '
GSTCTRL_LIBS='-pthread -lgstcontroller-0.10 -lgstreamer-0.10 -lgobject-2.0 -lgmodule-2.0 -lgthread-2.0 -lrt -lxml2 -lglib-2.0  '
GSTPB_BASE_CFLAGS='-pthread -I/usr/include/gstreamer-0.10 -I/usr/include/glib-2.0 -I/usr/lib/glib-2.0/include -I/usr/include/libxml2  '
GSTPB_BASE_LIBS='-pthread -lgstreamer-0.10 -lgobject-2.0 -lgmodule-2.0 -lgthread-2.0 -lrt -lxml2 -lglib-2.0  '
GST_BASE_CFLAGS='-pthread -I/usr/include/gstreamer-0.10 -I/usr/include/glib-2.0 -I/usr/lib/glib-2.0/include -I/usr/include/libxml2  '
GST_BASE_LIBS='-pthread -lgstbase-0.10 -lgstreamer-0.10 -lgobject-2.0 -lgmodule-2.0 -lgthread-2.0 -lrt -lxml2 -lglib-2.0  '
GST_CFLAGS='-pthread -I/usr/include/gstreamer-0.10 -I/usr/include/glib-2.0 -I/usr/lib/glib-2.0/include -I/usr/include/libxml2   '
GST_LIBS='-pthread -lgstreamer-0.10 -lgobject-2.0 -lgmodule-2.0 -lgthread-2.0 -lrt -lxml2 -lglib-2.0  '
GST_MAJORMINOR='0.10'
GST_PLUGIN_LDFLAGS='-module -avoid-version -export-symbols-regex _*\(gst_\|Gst\|GST_\).*'
GST_PLUGIN_VERSION='0.10.0.1'
GST_PLUGIN_VERSION_MAJOR='0'
GST_PLUGIN_VERSION_MICRO='0'
GST_PLUGIN_VERSION_MINOR='10'
GST_PLUGIN_VERSION_NANO='1'
GST_PLUGIN_VERSION_RELEASE='0.20090611.020927'
HAVE_PKGCONFIG='yes'
INSTALL_DATA='${INSTALL} -m 644'
INSTALL_PROGRAM='${INSTALL}'
INSTALL_SCRIPT='${INSTALL}'
INSTALL_STRIP_PROGRAM='$(install_sh) -c -s'
LD='/usr/bin/ld -m elf_x86_64'
LDFLAGS=''
LIBOBJS=''
LIBS=''
LIBTOOL='$(SHELL) $(top_builddir)/libtool'
LIPO=''
LN_S='ln -s'
LTLIBOBJS=''
MAINT=''
MAINTAINER_MODE_FALSE='#'
MAINTAINER_MODE_TRUE=''
MAKEINFO='${SHELL} /home/sandaru1/Desktop/smartcut/gst-opencv/missing --run makeinfo'
MKDIR_P='/bin/mkdir -p'
NM='/usr/bin/nm -B'
NMEDIT=''
OBJDUMP='objdump'
OBJEXT='o'
OPENCV_CFLAGS='-I/usr/local/include/opencv  '
OPENCV_LIBS='-L/usr/local/lib -lcxcore -lcv -lhighgui -lcvaux -lml  '
OTOOL64=''
OTOOL=''
PACKAGE='gst-opencv'
PACKAGE_BUGREPORT=''
PACKAGE_NAME=''
PACKAGE_STRING=''
PACKAGE_TARNAME=''
PACKAGE_VERSION=''
PATH_SEPARATOR=':'
PKG_CONFIG='/usr/bin/pkg-config'
RANLIB='ranlib'
SED='/bin/sed'
SET_MAKE=''
SHELL='/bin/bash'
STRIP='strip'
VERSION='0.10.0.1'
ac_ct_CC='gcc'
ac_ct_DUMPBIN=''
am__fastdepCC_FALSE='#'
am__fastdepCC_TRUE=''
am__include='include'
am__isrc=''
am__leading_dot='.'
am__quote=''
am__tar='${AMTAR} chof - "$$tardir"'
am__untar='${AMTAR} xf -'
bindir='${exec_prefix}/bin'
build='x86_64-unknown-linux-gnu'
build_alias=''
build_cpu='x86_64'
build_os='linux-gnu'
build_vendor='unknown'
datadir='${datarootdir}'
datarootdir='${prefix}/share'
docdir='${datarootdir}/doc/${PACKAGE}'
dvidir='${docdir}'
exec_prefix='${prefix}'
host='x86_64-unknown-linux-gnu'
host_alias=''
host_cpu='x86_64'
host_os='linux-gnu'
host_vendor='unknown'
htmldir='${docdir}'
includedir='${prefix}/include'
infodir='${datarootdir}/info'
install_sh='$(SHELL) /home/sandaru1/Desktop/smartcut/gst-opencv/install-sh'
libdir='${exec_prefix}/lib'
libexecdir='${exec_prefix}/libexec'
localedir='${datarootdir}/locale'
localstatedir='${prefix}/var'
lt_ECHO='echo'
mandir='${datarootdir}/man'
mkdir_p='/bin/mkdir -p'
oldincludedir='/usr/include'
pdfdir='${docdir}'
plugindir='$(libdir)/gstreamer-0.10'
prefix='/usr/local'
program_transform_name='s,x,x,'
psdir='${docdir}'
sbindir='${exec_prefix}/sbin'
sharedstatedir='${prefix}/com'
sysconfdir='${prefix}/etc'
target_alias=''

## ----------- ##
## confdefs.h. ##
## ----------- ##

#define PACKAGE_NAME ""
#define PACKAGE_TARNAME ""
#define PACKAGE_VERSION ""
#define PACKAGE_STRING ""
#define PACKAGE_BUGREPORT ""
#define GST_PLUGIN_VERSION "0.10.0.1"
#define GST_PLUGIN_VERSION_RELEASE "0.20090611.020927"
#define PACKAGE "gst-opencv"
#define VERSION "0.10.0.1"
#define OPENCV_FACE_HAARCASCADE "/usr/local/share/opencv/haarcascades/haarcascade_frontalface_alt.xml"
#define PACKAGE "gst-opencv"
#define VERSION "0.10.0.1"
#define STDC_HEADERS 1
#define HAVE_SYS_TYPES_H 1
#define HAVE_SYS_STAT_H 1
#define HAVE_STDLIB_H 1
#define HAVE_STRING_H 1
#define HAVE_MEMORY_H 1
#define HAVE_STRINGS_H 1
#define HAVE_INTTYPES_H 1
#define HAVE_STDINT_H 1
#define HAVE_UNISTD_H 1
#define HAVE_DLFCN_H 1
#define LT_OBJDIR ".libs/"

configure: exit 0
